<?xml version="1.0" encoding="UTF-8"?>
<!-- Generated by org.testng.reporters.JUnitReportReporter -->
<testsuite hostname="DESKTOP-DQV08SK" failures="0" tests="1" name="TestCases.QaLegend_TestCases" time="28.361" errors="0" timestamp="2024-06-23T13:10:29 IST" skipped="0">
  <testcase classname="TestCases.QaLegend_TestCases" name="addEditNotes" time="28.361"/>
</testsuite> <!-- TestCases.QaLegend_TestCases -->
