<?xml version="1.0" encoding="UTF-8"?>
<!-- Generated by org.testng.reporters.JUnitReportReporter -->
<testsuite hostname="DESKTOP-DQV08SK" failures="0" tests="1" name="TestCases.QaLegend_TestCases" time="37.825" errors="0" timestamp="2024-06-20T22:39:17 IST" skipped="0">
  <testcase classname="TestCases.QaLegend_TestCases" name="addEditNotes" time="37.825"/>
</testsuite> <!-- TestCases.QaLegend_TestCases -->
